<?xml version="1.0" encoding="UTF-8"?>
<testsuite xmlns:xsi="http://www.w3.org/2001/XMLSchema-instance" xsi:noNamespaceSchemaLocation="https://maven.apache.org/surefire/maven-surefire-plugin/xsd/surefire-test-report.xsd" version="3.0.2" name="infnet.trabalho_disciplina.microsservicos_vinicius.MicroservicosViniciusApplicationTests" time="0.022" tests="1" errors="0" skipped="0" failures="0" flakes="0">
  <properties>
[...]
</properties>
  <testcase name="contextLoads" classname="infnet.trabalho_disciplina.microsservicos_vinicius.MicroservicosViniciusApplicationTests" time="0.005">
    <system-out><![CDATA[2026-09-07T13:16:10.886-03:00  INFO 16984 --- [microservicos_vinicius] [           main] t.c.s.AnnotationConfigContextLoaderUtils : Could not detect default configuration classes for test class [infnet.trabalho_disciplina.microsservicos_vinicius.MicroservicosViniciusApplicationTests]: MicroservicosViniciusApplicationTests does not declare any static, non-private, non-final, nested classes annotated with @Configuration.
2026-09-07T13:16:10.895-03:00  INFO 16984 --- [microservicos_vinicius] [           main] .b.t.c.SpringBootTestContextBootstrapper : Found @SpringBootConfiguration infnet.trabalho_disciplina.microsservicos_vinicius.MicroservicosViniciusApplication for test class infnet.trabalho_disciplina.microsservicos_vinicius.MicroservicosViniciusApplicationTests
2026-09-07T13:16:10.895-03:00  INFO 16984 --- [microservicos_vinicius] [           main] t.c.s.AnnotationConfigContextLoaderUtils : Could not detect default configuration classes for test class [infnet.trabalho_disciplina.microsservicos_vinicius.MicroservicosViniciusApplicationTests]: MicroservicosViniciusApplicationTests does not declare any static, non-private, non-final, nested classes annotated with @Configuration.
2026-09-07T13:16:10.897-03:00  INFO 16984 --- [microservicos_vinicius] [           main] .b.t.c.SpringBootTestContextBootstrapper : Found @SpringBootConfiguration infnet.trabalho_disciplina.microsservicos_vinicius.MicroservicosViniciusApplication for test class infnet.trabalho_disciplina.microsservicos_vinicius.MicroservicosViniciusApplicationTests
]]></system-out>
  </testcase>
</testsuite>